#
# There is insufficient memory for the Java Runtime Environment to continue.
# Native memory allocation (mmap) failed to map 182452224 bytes for committing reserved memory.
# Possible reasons:
#   The system is out of physical RAM or swap space
#   In 32 bit mode, the process size limit was hit
# Possible solutions:
#   Reduce memory load on the system
#   Increase physical memory or swap space
#   Check if swap backing store is full
#   Use 64 bit Java on a 64 bit OS
#   Decrease Java heap size (-Xmx/-Xms)
#   Decrease number of Java threads
#   Decrease Java thread stack sizes (-Xss)
#   Set larger code cache with -XX:ReservedCodeCacheSize=
# This output file may be truncated or incomplete.
#
#  Out of Memory Error (os_linux.cpp:2627), pid=1533, tid=140317504272128
#
# JRE version: Java(TM) SE Runtime Environment (8.0_77-b03) (build 1.8.0_77-b03)
# Java VM: Java HotSpot(TM) 64-Bit Server VM (25.77-b03 mixed mode linux-amd64 compressed oops)
# Failed to write core dump. Core dumps have been disabled. To enable core dumping, try "ulimit -c unlimited" before starting Java again
#

---------------  T H R E A D  ---------------

Current thread (0x00007f9e54078000):  VMThread [stack: 0x00007f9e36ef7000,0x00007f9e36ff8000] [id=1544]

Stack: [0x00007f9e36ef7000,0x00007f9e36ff8000],  sp=0x00007f9e36ff62a0,  free space=1020k
Native frames: (J=compiled Java code, j=interpreted, Vv=VM code, C=native code)
V  [libjvm.so+0xaba7ea]  VMError::report_and_die()+0x2ba
V  [libjvm.so+0x4f9e3b]  report_vm_out_of_memory(char const*, int, unsigned long, VMErrorType, char const*)+0x8b
V  [libjvm.so+0x91b613]  os::Linux::commit_memory_impl(char*, unsigned long, bool)+0x103
V  [libjvm.so+0x91bb69]  os::pd_commit_memory(char*, unsigned long, unsigned long, bool)+0x29
V  [libjvm.so+0x915e6a]  os::commit_memory(char*, unsigned long, unsigned long, bool)+0x2a
V  [libjvm.so+0x989543]  PSVirtualSpace::expand_by(unsigned long)+0x53
V  [libjvm.so+0x98a948]  PSYoungGen::resize_generation(unsigned long, unsigned long)+0xf8
V  [libjvm.so+0x989aa2]  PSYoungGen::resize(unsigned long, unsigned long)+0x22
V  [libjvm.so+0x986d7b]  PSScavenge::invoke_no_policy()+0xf3b
V  [libjvm.so+0x987501]  PSScavenge::invoke()+0x41
V  [libjvm.so+0x93f300]  ParallelScavengeHeap::failed_mem_allocate(unsigned long)+0x70
V  [libjvm.so+0xabc207]  VM_ParallelGCFailedAllocation::doit()+0x97
V  [libjvm.so+0xac3c35]  VM_Operation::evaluate()+0x55
V  [libjvm.so+0xac200a]  VMThread::evaluate_operation(VM_Operation*)+0xba
V  [libjvm.so+0xac238e]  VMThread::loop()+0x1ce
V  [libjvm.so+0xac2800]  VMThread::run()+0x70
V  [libjvm.so+0x91d9d8]  java_start(Thread*)+0x108

VM_Operation (0x00007f9e5b9763c0): ParallelGCFailedAllocation, mode: safepoint, requested by thread 0x00007f9e5400a000


---------------  P R O C E S S  ---------------

Java Threads: ( => current thread )
  0x00007f9e540ca000 JavaThread "Service Thread" daemon [_thread_blocked, id=1551, stack(0x00007f9e36518000,0x00007f9e36619000)]
  0x00007f9e540bd000 JavaThread "C1 CompilerThread2" daemon [_thread_blocked, id=1550, stack(0x00007f9e36619000,0x00007f9e3671a000)]
  0x00007f9e540bb000 JavaThread "C2 CompilerThread1" daemon [_thread_blocked, id=1549, stack(0x00007f9e3671a000,0x00007f9e3681b000)]
  0x00007f9e540b8800 JavaThread "C2 CompilerThread0" daemon [_thread_blocked, id=1548, stack(0x00007f9e3681b000,0x00007f9e3691c000)]
  0x00007f9e540b7000 JavaThread "Signal Dispatcher" daemon [_thread_blocked, id=1547, stack(0x00007f9e3691c000,0x00007f9e36a1d000)]
  0x00007f9e54084000 JavaThread "Finalizer" daemon [_thread_blocked, id=1546, stack(0x00007f9e36cf5000,0x00007f9e36df6000)]
  0x00007f9e5407f800 JavaThread "Reference Handler" daemon [_thread_blocked, id=1545, stack(0x00007f9e36df6000,0x00007f9e36ef7000)]
  0x00007f9e5400a000 JavaThread "main" [_thread_blocked, id=1539, stack(0x00007f9e5b877000,0x00007f9e5b978000)]

Other Threads:
=>0x00007f9e54078000 VMThread [stack: 0x00007f9e36ef7000,0x00007f9e36ff8000] [id=1544]
  0x00007f9e540d5000 WatcherThread [stack: 0x00007f9e36417000,0x00007f9e36518000] [id=1552]

VM state:at safepoint (normal execution)

VM Mutex/Monitor currently owned by a thread:  ([mutex/lock_event])
[0x00007f9e540063f0] Threads_lock - owner thread: 0x00007f9e54078000
[0x00007f9e540068f0] Heap_lock - owner thread: 0x00007f9e5400a000

Heap:
 PSYoungGen      total 132096K, used 5088K [0x00000000d7000000, 0x00000000df600000, 0x0000000100000000)
  eden space 126976K, 0% used [0x00000000d7000000,0x00000000d7000000,0x00000000dec00000)
  from space 5120K, 99% used [0x00000000dec00000,0x00000000df0f8020,0x00000000df100000)
  to   space 5120K, 0% used [0x00000000df100000,0x00000000df100000,0x00000000df600000)
 ParOldGen       total 84992K, used 48142K [0x0000000085000000, 0x000000008a300000, 0x00000000d7000000)
  object space 84992K, 56% used [0x0000000085000000,0x0000000087f03ab8,0x000000008a300000)
 Metaspace       used 3651K, capacity 5176K, committed 5376K, reserved 1056768K
  class space    used 385K, capacity 488K, committed 512K, reserved 1048576K

Card table byte_map: [0x00007f9e58259000,0x00007f9e58632000] byte_map_base: 0x00007f9e57e31000

Marking Bits: (ParMarkBitMap*) 0x00007f9e5ad4e100
 Begin Bits: [0x00007f9e3c280000, 0x00007f9e3e140000)
 End Bits:   [0x00007f9e3e140000, 0x00007f9e40000000)

Polling page: 0x00007f9e5b99b000

CodeCache: size=245760Kb used=3767Kb max_used=3806Kb free=241992Kb
 bounds [0x00007f9e45000000, 0x00007f9e453d0000, 0x00007f9e54000000]
 total_blobs=877 nmethods=632 adapters=159
 compilation: enabled

Compilation events (10 events):
Event: 1.835 Thread 0x00007f9e540b8800 nmethod 628 0x00007f9e4539ca10 code [0x00007f9e4539cfe0, 0x00007f9e453a0140]
Event: 1.835 Thread 0x00007f9e540b8800  629       4       com.android.dx.cf.direct.AttributeFactory::parse0 (53 bytes)
Event: 1.840 Thread 0x00007f9e540b8800 nmethod 629 0x00007f9e45388650 code [0x00007f9e45388800, 0x00007f9e45388de8]
Event: 1.840 Thread 0x00007f9e540b8800  630       4       com.android.dx.cf.direct.DirectClassFile::<init> (53 bytes)
Event: 1.841 Thread 0x00007f9e540b8800 nmethod 630 0x00007f9e4536f010 code [0x00007f9e4536f160, 0x00007f9e4536f238]
Event: 1.847 Thread 0x00007f9e540b8800  631       4       com.android.dx.cf.attrib.AttExceptions::byteLength (15 bytes)
Event: 1.848 Thread 0x00007f9e540b8800 nmethod 631 0x00007f9e4536ed50 code [0x00007f9e4536eea0, 0x00007f9e4536ef38]
Event: 1.881 Thread 0x00007f9e540bb000 nmethod 610 0x00007f9e453adcd0 code [0x00007f9e453ae6e0, 0x00007f9e453b5630]
Event: 1.889 Thread 0x00007f9e540bd000  632       1       com.android.dx.cf.attrib.BaseParameterAnnotations::byteLength (8 bytes)
Event: 1.889 Thread 0x00007f9e540bd000 nmethod 632 0x00007f9e4537d6d0 code [0x00007f9e4537d820, 0x00007f9e4537d930]

GC Heap History (9 events):
Event: 0.576 GC heap before
{Heap before GC invocations=1 (full 0):
 PSYoungGen      total 36864K, used 31744K [0x00000000d7000000, 0x00000000d9900000, 0x0000000100000000)
  eden space 31744K, 100% used [0x00000000d7000000,0x00000000d8f00000,0x00000000d8f00000)
  from space 5120K, 0% used [0x00000000d9400000,0x00000000d9400000,0x00000000d9900000)
  to   space 5120K, 0% used [0x00000000d8f00000,0x00000000d8f00000,0x00000000d9400000)
 ParOldGen       total 84992K, used 0K [0x0000000085000000, 0x000000008a300000, 0x00000000d7000000)
  object space 84992K, 0% used [0x0000000085000000,0x0000000085000000,0x000000008a300000)
 Metaspace       used 3624K, capacity 5176K, committed 5376K, reserved 1056768K
  class space    used 385K, capacity 488K, committed 512K, reserved 1048576K
Event: 0.594 GC heap after
Heap after GC invocations=1 (full 0):
 PSYoungGen      total 36864K, used 4444K [0x00000000d7000000, 0x00000000db800000, 0x0000000100000000)
  eden space 31744K, 0% used [0x00000000d7000000,0x00000000d7000000,0x00000000d8f00000)
  from space 5120K, 86% used [0x00000000d8f00000,0x00000000d9357000,0x00000000d9400000)
  to   space 5120K, 0% used [0x00000000db300000,0x00000000db300000,0x00000000db800000)
 ParOldGen       total 84992K, used 8K [0x0000000085000000, 0x000000008a300000, 0x00000000d7000000)
  object space 84992K, 0% used [0x0000000085000000,0x0000000085002000,0x000000008a300000)
 Metaspace       used 3624K, capacity 5176K, committed 5376K, reserved 1056768K
  class space    used 385K, capacity 488K, committed 512K, reserved 1048576K
}
Event: 0.746 GC heap before
{Heap before GC invocations=2 (full 0):
 PSYoungGen      total 36864K, used 36188K [0x00000000d7000000, 0x00000000db800000, 0x0000000100000000)
  eden space 31744K, 100% used [0x00000000d7000000,0x00000000d8f00000,0x00000000d8f00000)
  from space 5120K, 86% used [0x00000000d8f00000,0x00000000d9357000,0x00000000d9400000)
  to   space 5120K, 0% used [0x00000000db300000,0x00000000db300000,0x00000000db800000)
 ParOldGen       total 84992K, used 8K [0x0000000085000000, 0x000000008a300000, 0x00000000d7000000)
  object space 84992K, 0% used [0x0000000085000000,0x0000000085002000,0x000000008a300000)
 Metaspace       used 3640K, capacity 5176K, committed 5376K, reserved 1056768K
  class space    used 385K, capacity 488K, committed 512K, reserved 1048576K
Event: 0.783 GC heap after
Heap after GC invocations=2 (full 0):
 PSYoungGen      total 68608K, used 5095K [0x00000000d7000000, 0x00000000db800000, 0x0000000100000000)
  eden space 63488K, 0% used [0x00000000d7000000,0x00000000d7000000,0x00000000dae00000)
  from space 5120K, 99% used [0x00000000db300000,0x00000000db7f9f20,0x00000000db800000)
  to   space 5120K, 0% used [0x00000000dae00000,0x00000000dae00000,0x00000000db300000)
 ParOldGen       total 84992K, used 2839K [0x0000000085000000, 0x000000008a300000, 0x00000000d7000000)
  object space 84992K, 3% used [0x0000000085000000,0x00000000852c5db0,0x000000008a300000)
 Metaspace       used 3640K, capacity 5176K, committed 5376K, reserved 1056768K
  class space    used 385K, capacity 488K, committed 512K, reserved 1048576K
}
Event: 1.139 GC heap before
{Heap before GC invocations=3 (full 0):
 PSYoungGen      total 68608K, used 68583K [0x00000000d7000000, 0x00000000db800000, 0x0000000100000000)
  eden space 63488K, 100% used [0x00000000d7000000,0x00000000dae00000,0x00000000dae00000)
  from space 5120K, 99% used [0x00000000db300000,0x00000000db7f9f20,0x00000000db800000)
  to   space 5120K, 0% used [0x00000000dae00000,0x00000000dae00000,0x00000000db300000)
 ParOldGen       total 84992K, used 2839K [0x0000000085000000, 0x000000008a300000, 0x00000000d7000000)
  object space 84992K, 3% used [0x0000000085000000,0x00000000852c5db0,0x000000008a300000)
 Metaspace       used 3644K, capacity 5176K, committed 5376K, reserved 1056768K
  class space    used 385K, capacity 488K, committed 512K, reserved 1048576K
Event: 1.174 GC heap after
Heap after GC invocations=3 (full 0):
 PSYoungGen      total 68608K, used 5108K [0x00000000d7000000, 0x00000000df600000, 0x0000000100000000)
  eden space 63488K, 0% used [0x00000000d7000000,0x00000000d7000000,0x00000000dae00000)
  from space 5120K, 99% used [0x00000000dae00000,0x00000000db2fd050,0x00000000db300000)
  to   space 5120K, 0% used [0x00000000df100000,0x00000000df100000,0x00000000df600000)
 ParOldGen       total 84992K, used 15214K [0x0000000085000000, 0x000000008a300000, 0x00000000d7000000)
  object space 84992K, 17% used [0x0000000085000000,0x0000000085edb938,0x000000008a300000)
 Metaspace       used 3644K, capacity 5176K, committed 5376K, reserved 1056768K
  class space    used 385K, capacity 488K, committed 512K, reserved 1048576K
}
Event: 1.426 GC heap before
{Heap before GC invocations=4 (full 0):
 PSYoungGen      total 68608K, used 68596K [0x00000000d7000000, 0x00000000df600000, 0x0000000100000000)
  eden space 63488K, 100% used [0x00000000d7000000,0x00000000dae00000,0x00000000dae00000)
  from space 5120K, 99% used [0x00000000dae00000,0x00000000db2fd050,0x00000000db300000)
  to   space 5120K, 0% used [0x00000000df100000,0x00000000df100000,0x00000000df600000)
 ParOldGen       total 84992K, used 15214K [0x0000000085000000, 0x000000008a300000, 0x00000000d7000000)
  object space 84992K, 17% used [0x0000000085000000,0x0000000085edb938,0x000000008a300000)
 Metaspace       used 3648K, capacity 5176K, committed 5376K, reserved 1056768K
  class space    used 385K, capacity 488K, committed 512K, reserved 1048576K
Event: 1.456 GC heap after
Heap after GC invocations=4 (full 0):
 PSYoungGen      total 132096K, used 5088K [0x00000000d7000000, 0x00000000df600000, 0x0000000100000000)
  eden space 126976K, 0% used [0x00000000d7000000,0x00000000d7000000,0x00000000dec00000)
  from space 5120K, 99% used [0x00000000df100000,0x00000000df5f8040,0x00000000df600000)
  to   space 5120K, 0% used [0x00000000dec00000,0x00000000dec00000,0x00000000df100000)
 ParOldGen       total 84992K, used 26875K [0x0000000085000000, 0x000000008a300000, 0x00000000d7000000)
  object space 84992K, 31% used [0x0000000085000000,0x0000000086a3ec20,0x000000008a300000)
 Metaspace       used 3648K, capacity 5176K, committed 5376K, reserved 1056768K
  class space    used 385K, capacity 488K, committed 512K, reserved 1048576K
}
Event: 1.955 GC heap before
{Heap before GC invocations=5 (full 0):
 PSYoungGen      total 132096K, used 132064K [0x00000000d7000000, 0x00000000df600000, 0x0000000100000000)
  eden space 126976K, 100% used [0x00000000d7000000,0x00000000dec00000,0x00000000dec00000)
  from space 5120K, 99% used [0x00000000df100000,0x00000000df5f8040,0x00000000df600000)
  to   space 5120K, 0% used [0x00000000dec00000,0x00000000dec00000,0x00000000df100000)
 ParOldGen       total 84992K, used 26875K [0x0000000085000000, 0x000000008a300000, 0x00000000d7000000)
  object space 84992K, 31% used [0x0000000085000000,0x0000000086a3ec20,0x000000008a300000)
 Metaspace       used 3651K, capacity 5176K, committed 5376K, reserved 1056768K
  class space    used 385K, capacity 488K, committed 512K, reserved 1048576K

Deoptimization events (7 events):
Event: 0.440 Thread 0x00007f9e5400a000 Uncommon trap: reason=unloaded action=reinterpret pc=0x00007f9e45210fe0 method=com.android.dx.cf.cst.ConstantPoolParser.parse0(ILjava/util/BitSet;)Lcom/android/dx/rop/cst/Constant; @ 176
Event: 0.692 Thread 0x00007f9e5400a000 Uncommon trap: reason=unstable_if action=reinterpret pc=0x00007f9e452d824c method=com.android.dx.cf.direct.StdAttributeFactory.parse0(Lcom/android/dx/cf/direct/DirectClassFile;ILjava/lang/String;IILcom/android/dx/cf/iface/ParseObserver;)Lcom/android/dx/cf
Event: 1.482 Thread 0x00007f9e5400a000 Uncommon trap: reason=class_check action=maybe_recompile pc=0x00007f9e4534d188 method=com.android.dx.cf.attrib.AttConstantValue.<init>(Lcom/android/dx/rop/cst/TypedConstant;)V @ 28
Event: 1.482 Thread 0x00007f9e5400a000 Uncommon trap: reason=class_check action=maybe_recompile pc=0x00007f9e4534d188 method=com.android.dx.cf.attrib.AttConstantValue.<init>(Lcom/android/dx/rop/cst/TypedConstant;)V @ 28
Event: 1.482 Thread 0x00007f9e5400a000 Uncommon trap: reason=class_check action=maybe_recompile pc=0x00007f9e4534d188 method=com.android.dx.cf.attrib.AttConstantValue.<init>(Lcom/android/dx/rop/cst/TypedConstant;)V @ 28
Event: 1.482 Thread 0x00007f9e5400a000 Uncommon trap: reason=class_check action=maybe_recompile pc=0x00007f9e4534d188 method=com.android.dx.cf.attrib.AttConstantValue.<init>(Lcom/android/dx/rop/cst/TypedConstant;)V @ 28
Event: 1.550 Thread 0x00007f9e5400a000 Uncommon trap: reason=unstable_if action=reinterpret pc=0x00007f9e4537650c method=java.io.ByteArrayOutputStream.ensureCapacity(I)V @ 7

Internal exceptions (2 events):
Event: 0.067 Thread 0x00007f9e5400a000 Exception <a 'java/lang/NoSuchMethodError': Method sun.misc.Unsafe.defineClass(Ljava/lang/String;[BII)Ljava/lang/Class; name or signature does not match> (0x00000000d7007cc0) thrown at [/HUDSON/workspace/8-2-build-linux-amd64/jdk8u77/6540/hotspot/src/shar
Event: 0.067 Thread 0x00007f9e5400a000 Exception <a 'java/lang/NoSuchMethodError': Method sun.misc.Unsafe.prefetchRead(Ljava/lang/Object;J)V name or signature does not match> (0x00000000d7007fa8) thrown at [/HUDSON/workspace/8-2-build-linux-amd64/jdk8u77/6540/hotspot/src/share/vm/prims/jni.cpp

Events (10 events):
Event: 1.482 Thread 0x00007f9e5400a000 Uncommon trap: trap_request=0xffffffde fr.pc=0x00007f9e4534d188
Event: 1.482 Thread 0x00007f9e5400a000 DEOPT PACKING pc=0x00007f9e4534d188 sp=0x00007f9e5b976140
Event: 1.482 Thread 0x00007f9e5400a000 DEOPT UNPACKING pc=0x00007f9e45005229 sp=0x00007f9e5b976058 mode 2
Event: 1.482 Thread 0x00007f9e5400a000 Uncommon trap: trap_request=0xffffffde fr.pc=0x00007f9e4534d188
Event: 1.482 Thread 0x00007f9e5400a000 DEOPT PACKING pc=0x00007f9e4534d188 sp=0x00007f9e5b976140
Event: 1.482 Thread 0x00007f9e5400a000 DEOPT UNPACKING pc=0x00007f9e45005229 sp=0x00007f9e5b976058 mode 2
Event: 1.550 Thread 0x00007f9e5400a000 Uncommon trap: trap_request=0xffffff65 fr.pc=0x00007f9e4537650c
Event: 1.550 Thread 0x00007f9e5400a000 DEOPT PACKING pc=0x00007f9e4537650c sp=0x00007f9e5b976620
Event: 1.550 Thread 0x00007f9e5400a000 DEOPT UNPACKING pc=0x00007f9e45005229 sp=0x00007f9e5b976540 mode 2
Event: 1.955 Executing VM operation: ParallelGCFailedAllocation


Dynamic libraries:
00400000-00401000 r-xp 00000000 08:02 2657756                            /usr/lib/jvm/java-8-oracle/bin/java
00600000-00601000 rw-p 00000000 08:02 2657756                            /usr/lib/jvm/java-8-oracle/bin/java
02424000-02445000 rw-p 00000000 00:00 0                                  [heap]
85000000-8a300000 rw-p 00000000 00:00 0 
8a300000-d7000000 ---p 00000000 00:00 0 
d7000000-df600000 rw-p 00000000 00:00 0 
ea400000-100000000 ---p 00000000 00:00 0 
100000000-100080000 rw-p 00000000 00:00 0 
100080000-140000000 ---p 00000000 00:00 0 
7f9e08000000-7f9e08021000 rw-p 00000000 00:00 0 
7f9e08021000-7f9e0c000000 ---p 00000000 00:00 0 
7f9e0c000000-7f9e0c021000 rw-p 00000000 00:00 0 
7f9e0c021000-7f9e10000000 ---p 00000000 00:00 0 
7f9e10000000-7f9e10872000 rw-p 00000000 00:00 0 
7f9e10872000-7f9e14000000 ---p 00000000 00:00 0 
7f9e14000000-7f9e145b8000 rw-p 00000000 00:00 0 
7f9e145b8000-7f9e18000000 ---p 00000000 00:00 0 
7f9e18000000-7f9e18021000 rw-p 00000000 00:00 0 
7f9e18021000-7f9e1c000000 ---p 00000000 00:00 0 
7f9e1c000000-7f9e1c81d000 rw-p 00000000 00:00 0 
7f9e1c81d000-7f9e20000000 ---p 00000000 00:00 0 
7f9e20000000-7f9e20021000 rw-p 00000000 00:00 0 
7f9e20021000-7f9e24000000 ---p 00000000 00:00 0 
7f9e24000000-7f9e24021000 rw-p 00000000 00:00 0 
7f9e24021000-7f9e28000000 ---p 00000000 00:00 0 
7f9e28000000-7f9e28021000 rw-p 00000000 00:00 0 
7f9e28021000-7f9e2c000000 ---p 00000000 00:00 0 
7f9e2c000000-7f9e2c28d000 rw-p 00000000 00:00 0 
7f9e2c28d000-7f9e30000000 ---p 00000000 00:00 0 
7f9e30000000-7f9e30021000 rw-p 00000000 00:00 0 
7f9e30021000-7f9e34000000 ---p 00000000 00:00 0 
7f9e36310000-7f9e36417000 r--s 00a80000 08:02 1441834                    /home/babai/Documents/FinalProject/app/build/intermediates/transforms/jarMerging/debug/jars/1/1f/combined.jar
7f9e36417000-7f9e36418000 ---p 00000000 00:00 0 
7f9e36418000-7f9e36518000 rw-p 00000000 00:00 0                          [stack:1552]
7f9e36518000-7f9e3651b000 ---p 00000000 00:00 0 
7f9e3651b000-7f9e36619000 rw-p 00000000 00:00 0                          [stack:1551]
7f9e36619000-7f9e3661c000 ---p 00000000 00:00 0 
7f9e3661c000-7f9e3671a000 rw-p 00000000 00:00 0                          [stack:1550]
7f9e3671a000-7f9e3671d000 ---p 00000000 00:00 0 
7f9e3671d000-7f9e3681b000 rw-p 00000000 00:00 0                          [stack:1549]
7f9e3681b000-7f9e3681e000 ---p 00000000 00:00 0 
7f9e3681e000-7f9e3691c000 rw-p 00000000 00:00 0                          [stack:1548]
7f9e3691c000-7f9e3691f000 ---p 00000000 00:00 0 
7f9e3691f000-7f9e36a1d000 rw-p 00000000 00:00 0                          [stack:1547]
7f9e36a1d000-7f9e36cf5000 r--p 00000000 08:02 2502044                    /usr/lib/locale/locale-archive
7f9e36cf5000-7f9e36cf8000 ---p 00000000 00:00 0 
7f9e36cf8000-7f9e36df6000 rw-p 00000000 00:00 0                          [stack:1546]
7f9e36df6000-7f9e36df9000 ---p 00000000 00:00 0 
7f9e36df9000-7f9e36ef7000 rw-p 00000000 00:00 0                          [stack:1545]
7f9e36ef7000-7f9e36ef8000 ---p 00000000 00:00 0 
7f9e36ef8000-7f9e37cc0000 rw-p 00000000 00:00 0                          [stack:1544]
7f9e37cc0000-7f9e38000000 ---p 00000000 00:00 0 
7f9e38000000-7f9e38021000 rw-p 00000000 00:00 0 
7f9e38021000-7f9e3c000000 ---p 00000000 00:00 0 
7f9e3c012000-7f9e40000000 rw-p 00000000 00:00 0 
7f9e40000000-7f9e40021000 rw-p 00000000 00:00 0 
7f9e40021000-7f9e44000000 ---p 00000000 00:00 0 
7f9e44001000-7f9e44548000 rw-p 00000000 00:00 0 
7f9e44548000-7f9e44720000 r--s 03d1e000 08:02 2682356                    /usr/lib/jvm/java-8-oracle/jre/lib/rt.jar
7f9e44720000-7f9e44b6e000 rw-p 00000000 00:00 0 
7f9e44b6e000-7f9e44b6f000 ---p 00000000 00:00 0 
7f9e44b6f000-7f9e44c6f000 rw-p 00000000 00:00 0                          [stack:1543]
7f9e44c6f000-7f9e44c70000 ---p 00000000 00:00 0 
7f9e44c70000-7f9e44d9a000 rw-p 00000000 00:00 0                          [stack:1542]
7f9e44d9a000-7f9e45000000 ---p 00000000 00:00 0 
7f9e45000000-7f9e453d0000 rwxp 00000000 00:00 0 
7f9e453d0000-7f9e54000000 ---p 00000000 00:00 0 
7f9e54000000-7f9e543e1000 rw-p 00000000 00:00 0 
7f9e543e1000-7f9e58000000 ---p 00000000 00:00 0 
7f9e58008000-7f9e58057000 rw-p 00000000 00:00 0 
7f9e58057000-7f9e58058000 ---p 00000000 00:00 0 
7f9e58058000-7f9e58158000 rw-p 00000000 00:00 0                          [stack:1541]
7f9e58158000-7f9e58159000 ---p 00000000 00:00 0 
7f9e58159000-7f9e58283000 rw-p 00000000 00:00 0                          [stack:1540]
7f9e58283000-7f9e584e9000 ---p 00000000 00:00 0 
7f9e584e9000-7f9e5852c000 rw-p 00000000 00:00 0 
7f9e5852c000-7f9e58631000 ---p 00000000 00:00 0 
7f9e58631000-7f9e58642000 rw-p 00000000 00:00 0 
7f9e58642000-7f9e589f2000 ---p 00000000 00:00 0 
7f9e589f2000-7f9e58a0c000 r-xp 00000000 08:02 2682285                    /usr/lib/jvm/java-8-oracle/jre/lib/amd64/libzip.so
7f9e58a0c000-7f9e58c0c000 ---p 0001a000 08:02 2682285                    /usr/lib/jvm/java-8-oracle/jre/lib/amd64/libzip.so
7f9e58c0c000-7f9e58c0d000 rw-p 0001a000 08:02 2682285                    /usr/lib/jvm/java-8-oracle/jre/lib/amd64/libzip.so
7f9e58c0d000-7f9e58c18000 r-xp 00000000 08:02 512093                     /lib/x86_64-linux-gnu/libnss_files-2.23.so
7f9e58c18000-7f9e58e17000 ---p 0000b000 08:02 512093                     /lib/x86_64-linux-gnu/libnss_files-2.23.so
7f9e58e17000-7f9e58e18000 r--p 0000a000 08:02 512093                     /lib/x86_64-linux-gnu/libnss_files-2.23.so
7f9e58e18000-7f9e58e19000 rw-p 0000b000 08:02 512093                     /lib/x86_64-linux-gnu/libnss_files-2.23.so
7f9e58e19000-7f9e58e1f000 rw-p 00000000 00:00 0 
7f9e58e1f000-7f9e58e2a000 r-xp 00000000 08:02 512090                     /lib/x86_64-linux-gnu/libnss_nis-2.23.so
7f9e58e2a000-7f9e59029000 ---p 0000b000 08:02 512090                     /lib/x86_64-linux-gnu/libnss_nis-2.23.so
7f9e59029000-7f9e5902a000 r--p 0000a000 08:02 512090                     /lib/x86_64-linux-gnu/libnss_nis-2.23.so
7f9e5902a000-7f9e5902b000 rw-p 0000b000 08:02 512090                     /lib/x86_64-linux-gnu/libnss_nis-2.23.so
7f9e5902b000-7f9e59041000 r-xp 00000000 08:02 512088                     /lib/x86_64-linux-gnu/libnsl-2.23.so
7f9e59041000-7f9e59240000 ---p 00016000 08:02 512088                     /lib/x86_64-linux-gnu/libnsl-2.23.so
7f9e59240000-7f9e59241000 r--p 00015000 08:02 512088                     /lib/x86_64-linux-gnu/libnsl-2.23.so
7f9e59241000-7f9e59242000 rw-p 00016000 08:02 512088                     /lib/x86_64-linux-gnu/libnsl-2.23.so
7f9e59242000-7f9e59244000 rw-p 00000000 00:00 0 
7f9e59244000-7f9e5924c000 r-xp 00000000 08:02 508114                     /lib/x86_64-linux-gnu/libnss_compat-2.23.so
7f9e5924c000-7f9e5944b000 ---p 00008000 08:02 508114                     /lib/x86_64-linux-gnu/libnss_compat-2.23.so
7f9e5944b000-7f9e5944c000 r--p 00007000 08:02 508114                     /lib/x86_64-linux-gnu/libnss_compat-2.23.so
7f9e5944c000-7f9e5944d000 rw-p 00008000 08:02 508114                     /lib/x86_64-linux-gnu/libnss_compat-2.23.so
7f9e5944d000-7f9e59477000 r-xp 00000000 08:02 2682280                    /usr/lib/jvm/java-8-oracle/jre/lib/amd64/libjava.so
7f9e59477000-7f9e59677000 ---p 0002a000 08:02 2682280                    /usr/lib/jvm/java-8-oracle/jre/lib/amd64/libjava.so
7f9e59677000-7f9e59679000 rw-p 0002a000 08:02 2682280                    /usr/lib/jvm/java-8-oracle/jre/lib/amd64/libjava.so
7f9e59679000-7f9e59686000 r-xp 00000000 08:02 2682284                    /usr/lib/jvm/java-8-oracle/jre/lib/amd64/libverify.so
7f9e59686000-7f9e59886000 ---p 0000d000 08:02 2682284                    /usr/lib/jvm/java-8-oracle/jre/lib/amd64/libverify.so
7f9e59886000-7f9e59888000 rw-p 0000d000 08:02 2682284                    /usr/lib/jvm/java-8-oracle/jre/lib/amd64/libverify.so
7f9e59888000-7f9e5988f000 r-xp 00000000 08:02 512102                     /lib/x86_64-linux-gnu/librt-2.23.so
7f9e5988f000-7f9e59a8e000 ---p 00007000 08:02 512102                     /lib/x86_64-linux-gnu/librt-2.23.so
7f9e59a8e000-7f9e59a8f000 r--p 00006000 08:02 512102                     /lib/x86_64-linux-gnu/librt-2.23.so
7f9e59a8f000-7f9e59a90000 rw-p 00007000 08:02 512102                     /lib/x86_64-linux-gnu/librt-2.23.so
7f9e59a90000-7f9e59b98000 r-xp 00000000 08:02 512099                     /lib/x86_64-linux-gnu/libm-2.23.so
7f9e59b98000-7f9e59d97000 ---p 00108000 08:02 512099                     /lib/x86_64-linux-gnu/libm-2.23.so
7f9e59d97000-7f9e59d98000 r--p 00107000 08:02 512099                     /lib/x86_64-linux-gnu/libm-2.23.so
7f9e59d98000-7f9e59d99000 rw-p 00108000 08:02 512099                     /lib/x86_64-linux-gnu/libm-2.23.so
7f9e59d99000-7f9e5aa58000 r-xp 00000000 08:02 2682307                    /usr/lib/jvm/java-8-oracle/jre/lib/amd64/server/libjvm.so
7f9e5aa58000-7f9e5ac57000 ---p 00cbf000 08:02 2682307                    /usr/lib/jvm/java-8-oracle/jre/lib/amd64/server/libjvm.so
7f9e5ac57000-7f9e5ad30000 rw-p 00cbe000 08:02 2682307                    /usr/lib/jvm/java-8-oracle/jre/lib/amd64/server/libjvm.so
7f9e5ad30000-7f9e5ad79000 rw-p 00000000 00:00 0 
7f9e5ad79000-7f9e5af39000 r-xp 00000000 08:02 512107                     /lib/x86_64-linux-gnu/libc-2.23.so
7f9e5af39000-7f9e5b138000 ---p 001c0000 08:02 512107                     /lib/x86_64-linux-gnu/libc-2.23.so
7f9e5b138000-7f9e5b13c000 r--p 001bf000 08:02 512107                     /lib/x86_64-linux-gnu/libc-2.23.so
7f9e5b13c000-7f9e5b13e000 rw-p 001c3000 08:02 512107                     /lib/x86_64-linux-gnu/libc-2.23.so
7f9e5b13e000-7f9e5b142000 rw-p 00000000 00:00 0 
7f9e5b142000-7f9e5b145000 r-xp 00000000 08:02 512108                     /lib/x86_64-linux-gnu/libdl-2.23.so
7f9e5b145000-7f9e5b344000 ---p 00003000 08:02 512108                     /lib/x86_64-linux-gnu/libdl-2.23.so
7f9e5b344000-7f9e5b345000 r--p 00002000 08:02 512108                     /lib/x86_64-linux-gnu/libdl-2.23.so
7f9e5b345000-7f9e5b346000 rw-p 00003000 08:02 512108                     /lib/x86_64-linux-gnu/libdl-2.23.so
7f9e5b346000-7f9e5b35b000 r-xp 00000000 08:02 2665989                    /usr/lib/jvm/java-8-oracle/lib/amd64/jli/libjli.so
7f9e5b35b000-7f9e5b55b000 ---p 00015000 08:02 2665989                    /usr/lib/jvm/java-8-oracle/lib/amd64/jli/libjli.so
7f9e5b55b000-7f9e5b55c000 rw-p 00015000 08:02 2665989                    /usr/lib/jvm/java-8-oracle/lib/amd64/jli/libjli.so
7f9e5b55c000-7f9e5b574000 r-xp 00000000 08:02 512106                     /lib/x86_64-linux-gnu/libpthread-2.23.so
7f9e5b574000-7f9e5b773000 ---p 00018000 08:02 512106                     /lib/x86_64-linux-gnu/libpthread-2.23.so
7f9e5b773000-7f9e5b774000 r--p 00017000 08:02 512106                     /lib/x86_64-linux-gnu/libpthread-2.23.so
7f9e5b774000-7f9e5b775000 rw-p 00018000 08:02 512106                     /lib/x86_64-linux-gnu/libpthread-2.23.so
7f9e5b775000-7f9e5b779000 rw-p 00000000 00:00 0 
7f9e5b779000-7f9e5b79f000 r-xp 00000000 08:02 512103                     /lib/x86_64-linux-gnu/ld-2.23.so
7f9e5b7ac000-7f9e5b877000 rw-p 00000000 00:00 0 
7f9e5b877000-7f9e5b87a000 ---p 00000000 00:00 0 
7f9e5b87a000-7f9e5b97c000 rw-p 00000000 00:00 0                          [stack:1539]
7f9e5b97d000-7f9e5b983000 r--s 00018000 08:02 1441839                    /home/babai/Documents/FinalProject/app/build/intermediates/multi-dex/debug/componentClasses.jar
7f9e5b983000-7f9e5b992000 r--s 000df000 08:02 1352039                    /home/babai/Android/Sdk/build-tools/23.0.3/lib/dx.jar
7f9e5b992000-7f9e5b99a000 rw-s 00000000 08:02 1592393                    /tmp/hsperfdata_babai/1533
7f9e5b99a000-7f9e5b99b000 rw-p 00000000 00:00 0 
7f9e5b99b000-7f9e5b99c000 ---p 00000000 00:00 0 
7f9e5b99c000-7f9e5b99e000 rw-p 00000000 00:00 0 
7f9e5b99e000-7f9e5b99f000 r--p 00025000 08:02 512103                     /lib/x86_64-linux-gnu/ld-2.23.so
7f9e5b99f000-7f9e5b9a0000 rw-p 00026000 08:02 512103                     /lib/x86_64-linux-gnu/ld-2.23.so
7f9e5b9a0000-7f9e5b9a1000 rw-p 00000000 00:00 0 
7fff2afcb000-7fff2afec000 rw-p 00000000 00:00 0                          [stack]
7fff2aff1000-7fff2aff3000 r--p 00000000 00:00 0                          [vvar]
7fff2aff3000-7fff2aff5000 r-xp 00000000 00:00 0                          [vdso]
ffffffffff600000-ffffffffff601000 r-xp 00000000 00:00 0                  [vsyscall]

VM Arguments:
jvm_args: -Djava.awt.headless=true -Dfile.encoding=UTF-8 -Duser.country=IN -Duser.language=en -Duser.variant 
java_command: com.android.multidex.ClassReferenceListBuilder /home/babai/Documents/FinalProject/app/build/intermediates/multi-dex/debug/componentClasses.jar /home/babai/Documents/FinalProject/app/build/intermediates/transforms/jarMerging/debug/jars/1/1f/combined.jar
java_class_path (initial): /home/babai/Android/Sdk/build-tools/23.0.3/lib/dx.jar
Launcher Type: SUN_STANDARD

Environment Variables:
JAVA_HOME=/usr/lib/jvm/java-8-oracle
PATH=/home/babai/.local/share/umake/bin:/home/babai/bin:/usr/local/sbin:/usr/local/bin:/usr/sbin:/usr/bin:/sbin:/bin:/usr/games:/usr/local/games:/snap/bin:/usr/lib/jvm/java-8-oracle/bin:/usr/lib/jvm/java-8-oracle/db/bin:/usr/lib/jvm/java-8-oracle/jre/bin
LD_LIBRARY_PATH=/home/babai/.local/share/umake/android/android-studio/bin:
SHELL=/usr/bin/zsh
DISPLAY=:0.0

Signal Handlers:
SIGSEGV: [libjvm.so+0xabb070], sa_mask[0]=11111111011111111101111111111110, sa_flags=SA_RESTART|SA_SIGINFO
SIGBUS: [libjvm.so+0xabb070], sa_mask[0]=11111111011111111101111111111110, sa_flags=SA_RESTART|SA_SIGINFO
SIGFPE: [libjvm.so+0x918480], sa_mask[0]=11111111011111111101111111111110, sa_flags=SA_RESTART|SA_SIGINFO
SIGPIPE: [libjvm.so+0x918480], sa_mask[0]=11111111011111111101111111111110, sa_flags=SA_RESTART|SA_SIGINFO
SIGXFSZ: [libjvm.so+0x918480], sa_mask[0]=11111111011111111101111111111110, sa_flags=SA_RESTART|SA_SIGINFO
SIGILL: [libjvm.so+0x918480], sa_mask[0]=11111111011111111101111111111110, sa_flags=SA_RESTART|SA_SIGINFO
SIGUSR1: SIG_DFL, sa_mask[0]=00000000000000000000000000000000, sa_flags=none
SIGUSR2: [libjvm.so+0x919ab0], sa_mask[0]=00100000000000000000000000000000, sa_flags=SA_RESTART|SA_SIGINFO
SIGHUP: [libjvm.so+0x91aeb0], sa_mask[0]=11111111011111111101111111111110, sa_flags=SA_RESTART|SA_SIGINFO
SIGINT: [libjvm.so+0x91aeb0], sa_mask[0]=11111111011111111101111111111110, sa_flags=SA_RESTART|SA_SIGINFO
SIGTERM: [libjvm.so+0x91aeb0], sa_mask[0]=11111111011111111101111111111110, sa_flags=SA_RESTART|SA_SIGINFO
SIGQUIT: [libjvm.so+0x91aeb0], sa_mask[0]=11111111011111111101111111111110, sa_flags=SA_RESTART|SA_SIGINFO


---------------  S Y S T E M  ---------------

OS:DISTRIB_ID=Ubuntu
DISTRIB_RELEASE=16.04
DISTRIB_CODENAME=xenial
DISTRIB_DESCRIPTION="Ubuntu 16.04 LTS"

uname:Linux 4.4.8-040408-generic #201604200335 SMP Wed Apr 20 07:37:30 UTC 2016 x86_64
libc:glibc 2.23 NPTL 2.23 
rlimit: STACK 8192k, CORE 0k, NPROC 31319, NOFILE 65536, AS infinity
load average:2.52 2.23 3.39

/proc/meminfo:
MemTotal:        8055144 kB
MemFree:           49260 kB
MemAvailable:     162440 kB
Buffers:           18396 kB
Cached:           359860 kB
SwapCached:            0 kB
Active:          7048352 kB
Inactive:         279900 kB
Active(anon):    6996092 kB
Inactive(anon):   232128 kB
Active(file):      52260 kB
Inactive(file):    47772 kB
Unevictable:          80 kB
Mlocked:              80 kB
SwapTotal:             0 kB
SwapFree:              0 kB
Dirty:              3984 kB
Writeback:             0 kB
AnonPages:       6950080 kB
Mapped:           638368 kB
Shmem:            278416 kB
Slab:              99504 kB
SReclaimable:      55412 kB
SUnreclaim:        44092 kB
KernelStack:       10896 kB
PageTables:        47784 kB
NFS_Unstable:          0 kB
Bounce:                0 kB
WritebackTmp:          0 kB
CommitLimit:     4027572 kB
Committed_AS:   11229792 kB
VmallocTotal:   34359738367 kB
VmallocUsed:           0 kB
VmallocChunk:          0 kB
HardwareCorrupted:     0 kB
AnonHugePages:   3119104 kB
CmaTotal:              0 kB
CmaFree:               0 kB
HugePages_Total:       0
HugePages_Free:        0
HugePages_Rsvd:        0
HugePages_Surp:        0
Hugepagesize:       2048 kB
DirectMap4k:      196224 kB
DirectMap2M:     8073216 kB


CPU:total 4 (2 cores per cpu, 2 threads per core) family 6 model 42 stepping 7, cmov, cx8, fxsr, mmx, sse, sse2, sse3, ssse3, sse4.1, sse4.2, popcnt, avx, aes, clmul, ht, tsc, tscinvbit

/proc/cpuinfo:
processor	: 0
vendor_id	: GenuineIntel
cpu family	: 6
model		: 42
model name	: Intel(R) Core(TM) i5-2520M CPU @ 2.50GHz
stepping	: 7
microcode	: 0x29
cpu MHz		: 2536.621
cache size	: 3072 KB
physical id	: 0
siblings	: 4
core id		: 0
cpu cores	: 2
apicid		: 0
initial apicid	: 0
fpu		: yes
fpu_exception	: yes
cpuid level	: 13
wp		: yes
flags		: fpu vme de pse tsc msr pae mce cx8 apic sep mtrr pge mca cmov pat pse36 clflush dts acpi mmx fxsr sse sse2 ss ht tm pbe syscall nx rdtscp lm constant_tsc arch_perfmon pebs bts nopl xtopology nonstop_tsc aperfmperf eagerfpu pni pclmulqdq dtes64 monitor ds_cpl vmx smx est tm2 ssse3 cx16 xtpr pdcm pcid sse4_1 sse4_2 x2apic popcnt tsc_deadline_timer aes xsave avx lahf_lm ida arat epb pln pts dtherm tpr_shadow vnmi flexpriority ept vpid xsaveopt
bugs		:
bogomips	: 4984.23
clflush size	: 64
cache_alignment	: 64
address sizes	: 36 bits physical, 48 bits virtual
power management:

processor	: 1
vendor_id	: GenuineIntel
cpu family	: 6
model		: 42
model name	: Intel(R) Core(TM) i5-2520M CPU @ 2.50GHz
stepping	: 7
microcode	: 0x29
cpu MHz		: 2979.980
cache size	: 3072 KB
physical id	: 0
siblings	: 4
core id		: 0
cpu cores	: 2
apicid		: 1
initial apicid	: 1
fpu		: yes
fpu_exception	: yes
cpuid level	: 13
wp		: yes
flags		: fpu vme de pse tsc msr pae mce cx8 apic sep mtrr pge mca cmov pat pse36 clflush dts acpi mmx fxsr sse sse2 ss ht tm pbe syscall nx rdtscp lm constant_tsc arch_perfmon pebs bts nopl xtopology nonstop_tsc aperfmperf eagerfpu pni pclmulqdq dtes64 monitor ds_cpl vmx smx est tm2 ssse3 cx16 xtpr pdcm pcid sse4_1 sse4_2 x2apic popcnt tsc_deadline_timer aes xsave avx lahf_lm ida arat epb pln pts dtherm tpr_shadow vnmi flexpriority ept vpid xsaveopt
bugs		:
bogomips	: 4984.23
clflush size	: 64
cache_alignment	: 64
address sizes	: 36 bits physical, 48 bits virtual
power management:

processor	: 2
vendor_id	: GenuineIntel
cpu family	: 6
model		: 42
model name	: Intel(R) Core(TM) i5-2520M CPU @ 2.50GHz
stepping	: 7
microcode	: 0x29
cpu MHz		: 2946.386
cache size	: 3072 KB
physical id	: 0
siblings	: 4
core id		: 1
cpu cores	: 2
apicid		: 2
initial apicid	: 2
fpu		: yes
fpu_exception	: yes
cpuid level	: 13
wp		: yes
flags		: fpu vme de pse tsc msr pae mce cx8 apic sep mtrr pge mca cmov pat pse36 clflush dts acpi mmx fxsr sse sse2 ss ht tm pbe syscall nx rdtscp lm constant_tsc arch_perfmon pebs bts nopl xtopology nonstop_tsc aperfmperf eagerfpu pni pclmulqdq dtes64 monitor ds_cpl vmx smx est tm2 ssse3 cx16 xtpr pdcm pcid sse4_1 sse4_2 x2apic popcnt tsc_deadline_timer aes xsave avx lahf_lm ida arat epb pln pts dtherm tpr_shadow vnmi flexpriority ept vpid xsaveopt
bugs		:
bogomips	: 4984.23
clflush size	: 64
cache_alignment	: 64
address sizes	: 36 bits physical, 48 bits virtual
power management:

processor	: 3
vendor_id	: GenuineIntel
cpu family	: 6
model		: 42
model name	: Intel(R) Core(TM) i5-2520M CPU @ 2.50GHz
stepping	: 7
microcode	: 0x29
cpu MHz		: 2994.335
cache size	: 3072 KB
physical id	: 0
siblings	: 4
core id		: 1
cpu cores	: 2
apicid		: 3
initial apicid	: 3
fpu		: yes
fpu_exception	: yes
cpuid level	: 13
wp		: yes
flags		: fpu vme de pse tsc msr pae mce cx8 apic sep mtrr pge mca cmov pat pse36 clflush dts acpi mmx fxsr sse sse2 ss ht tm pbe syscall nx rdtscp lm constant_tsc arch_perfmon pebs bts nopl xtopology nonstop_tsc aperfmperf eagerfpu pni pclmulqdq dtes64 monitor ds_cpl vmx smx est tm2 ssse3 cx16 xtpr pdcm pcid sse4_1 sse4_2 x2apic popcnt tsc_deadline_timer aes xsave avx lahf_lm ida arat epb pln pts dtherm tpr_shadow vnmi flexpriority ept vpid xsaveopt
bugs		:
bogomips	: 4984.23
clflush size	: 64
cache_alignment	: 64
address sizes	: 36 bits physical, 48 bits virtual
power management:



Memory: 4k page, physical 8055144k(49260k free), swap 0k(0k free)

vm_info: Java HotSpot(TM) 64-Bit Server VM (25.77-b03) for linux-amd64 JRE (1.8.0_77-b03), built on Mar 20 2016 22:00:46 by "java_re" with gcc 4.3.0 20080428 (Red Hat 4.3.0-8)

time: Thu Jun  2 23:07:44 2016
elapsed time: 2 seconds (0d 0h 0m 2s)

