#
# There is insufficient memory for the Java Runtime Environment to continue.
# Native memory allocation (mmap) failed to map 181403648 bytes for committing reserved memory.
# Possible reasons:
#   The system is out of physical RAM or swap space
#   In 32 bit mode, the process size limit was hit
# Possible solutions:
#   Reduce memory load on the system
#   Increase physical memory or swap space
#   Check if swap backing store is full
#   Use 64 bit Java on a 64 bit OS
#   Decrease Java heap size (-Xmx/-Xms)
#   Decrease number of Java threads
#   Decrease Java thread stack sizes (-Xss)
#   Set larger code cache with -XX:ReservedCodeCacheSize=
# This output file may be truncated or incomplete.
#
#  Out of Memory Error (os_linux.cpp:2627), pid=1455, tid=140343088506624
#
# JRE version: Java(TM) SE Runtime Environment (8.0_77-b03) (build 1.8.0_77-b03)
# Java VM: Java HotSpot(TM) 64-Bit Server VM (25.77-b03 mixed mode linux-amd64 compressed oops)
# Failed to write core dump. Core dumps have been disabled. To enable core dumping, try "ulimit -c unlimited" before starting Java again
#

---------------  T H R E A D  ---------------

Current thread (0x00007fa448078000):  VMThread [stack: 0x00007fa42bdfe000,0x00007fa42beff000] [id=1465]

Stack: [0x00007fa42bdfe000,0x00007fa42beff000],  sp=0x00007fa42befd1a0,  free space=1020k
Native frames: (J=compiled Java code, j=interpreted, Vv=VM code, C=native code)
V  [libjvm.so+0xaba7ea]  VMError::report_and_die()+0x2ba
V  [libjvm.so+0x4f9e3b]  report_vm_out_of_memory(char const*, int, unsigned long, VMErrorType, char const*)+0x8b
V  [libjvm.so+0x91b613]  os::Linux::commit_memory_impl(char*, unsigned long, bool)+0x103
V  [libjvm.so+0x91bb69]  os::pd_commit_memory(char*, unsigned long, unsigned long, bool)+0x29
V  [libjvm.so+0x915e6a]  os::commit_memory(char*, unsigned long, unsigned long, bool)+0x2a
V  [libjvm.so+0x989543]  PSVirtualSpace::expand_by(unsigned long)+0x53
V  [libjvm.so+0x98a948]  PSYoungGen::resize_generation(unsigned long, unsigned long)+0xf8
V  [libjvm.so+0x989aa2]  PSYoungGen::resize(unsigned long, unsigned long)+0x22
V  [libjvm.so+0x986d7b]  PSScavenge::invoke_no_policy()+0xf3b
V  [libjvm.so+0x987501]  PSScavenge::invoke()+0x41
V  [libjvm.so+0x93f300]  ParallelScavengeHeap::failed_mem_allocate(unsigned long)+0x70
V  [libjvm.so+0xabc207]  VM_ParallelGCFailedAllocation::doit()+0x97
V  [libjvm.so+0xac3c35]  VM_Operation::evaluate()+0x55
V  [libjvm.so+0xac200a]  VMThread::evaluate_operation(VM_Operation*)+0xba
V  [libjvm.so+0xac238e]  VMThread::loop()+0x1ce
V  [libjvm.so+0xac2800]  VMThread::run()+0x70
V  [libjvm.so+0x91d9d8]  java_start(Thread*)+0x108

VM_Operation (0x00007fa4509aa2f0): ParallelGCFailedAllocation, mode: safepoint, requested by thread 0x00007fa44800a000


---------------  P R O C E S S  ---------------

Java Threads: ( => current thread )
  0x00007fa4480c0000 JavaThread "Service Thread" daemon [_thread_blocked, id=1472, stack(0x00007fa42b41f000,0x00007fa42b520000)]
  0x00007fa4480bd000 JavaThread "C1 CompilerThread2" daemon [_thread_blocked, id=1471, stack(0x00007fa42b520000,0x00007fa42b621000)]
  0x00007fa4480bb000 JavaThread "C2 CompilerThread1" daemon [_thread_blocked, id=1470, stack(0x00007fa42b621000,0x00007fa42b722000)]
  0x00007fa4480b8800 JavaThread "C2 CompilerThread0" daemon [_thread_blocked, id=1469, stack(0x00007fa42b722000,0x00007fa42b823000)]
  0x00007fa4480b7000 JavaThread "Signal Dispatcher" daemon [_thread_blocked, id=1468, stack(0x00007fa42b823000,0x00007fa42b924000)]
  0x00007fa448084000 JavaThread "Finalizer" daemon [_thread_blocked, id=1467, stack(0x00007fa42bbfc000,0x00007fa42bcfd000)]
  0x00007fa44807f800 JavaThread "Reference Handler" daemon [_thread_blocked, id=1466, stack(0x00007fa42bcfd000,0x00007fa42bdfe000)]
  0x00007fa44800a000 JavaThread "main" [_thread_blocked, id=1460, stack(0x00007fa4508ab000,0x00007fa4509ac000)]

Other Threads:
=>0x00007fa448078000 VMThread [stack: 0x00007fa42bdfe000,0x00007fa42beff000] [id=1465]
  0x00007fa4480c3000 WatcherThread [stack: 0x00007fa42b31e000,0x00007fa42b41f000] [id=1473]

VM state:at safepoint (normal execution)

VM Mutex/Monitor currently owned by a thread:  ([mutex/lock_event])
[0x00007fa4480063f0] Threads_lock - owner thread: 0x00007fa448078000
[0x00007fa4480068f0] Heap_lock - owner thread: 0x00007fa44800a000

Heap:
 PSYoungGen      total 132096K, used 5088K [0x00000000d7000000, 0x00000000df600000, 0x0000000100000000)
  eden space 126976K, 0% used [0x00000000d7000000,0x00000000d7000000,0x00000000dec00000)
  from space 5120K, 99% used [0x00000000dec00000,0x00000000df0f8010,0x00000000df100000)
  to   space 5120K, 0% used [0x00000000df100000,0x00000000df100000,0x00000000df600000)
 ParOldGen       total 84992K, used 47571K [0x0000000085000000, 0x000000008a300000, 0x00000000d7000000)
  object space 84992K, 55% used [0x0000000085000000,0x0000000087e74cf8,0x000000008a300000)
 Metaspace       used 3645K, capacity 5176K, committed 5376K, reserved 1056768K
  class space    used 385K, capacity 488K, committed 512K, reserved 1048576K

Card table byte_map: [0x00007fa44d28d000,0x00007fa44d666000] byte_map_base: 0x00007fa44ce65000

Marking Bits: (ParMarkBitMap*) 0x00007fa44fd82100
 Begin Bits: [0x00007fa430280000, 0x00007fa432140000)
 End Bits:   [0x00007fa432140000, 0x00007fa434000000)

Polling page: 0x00007fa4509cf000

CodeCache: size=245760Kb used=3683Kb max_used=3703Kb free=242076Kb
 bounds [0x00007fa439000000, 0x00007fa4393b0000, 0x00007fa448000000]
 total_blobs=873 nmethods=628 adapters=159
 compilation: enabled

Compilation events (10 events):
Event: 1.726 Thread 0x00007fa4480bb000  629       4       java.util.TreeMap::getEntry (84 bytes)
Event: 1.731 Thread 0x00007fa4480bb000 nmethod 629 0x00007fa439389590 code [0x00007fa439389720, 0x00007fa439389bf8]
Event: 1.738 Thread 0x00007fa4480b8800  630       4       com.android.dx.rop.cst.Constant::compareTo (9 bytes)
Event: 1.740 Thread 0x00007fa4480b8800 nmethod 630 0x00007fa439375610 code [0x00007fa4393757a0, 0x00007fa439375b18]
Event: 1.761 Thread 0x00007fa4480bb000  631       4       com.android.dx.cf.direct.AnnotationParser::parseAnnotations (143 bytes)
Event: 1.821 Thread 0x00007fa4480b8800  632       4       com.android.dx.rop.cst.StdConstantPool::get0Ok (12 bytes)
Event: 1.822 Thread 0x00007fa4480b8800 nmethod 632 0x00007fa43938af10 code [0x00007fa43938b060, 0x00007fa43938b118]
Event: 1.822 Thread 0x00007fa4480bb000 nmethod 631 0x00007fa43939fb90 code [0x00007fa4393a0020, 0x00007fa4393a2300]
Event: 1.826 Thread 0x00007fa4480b8800  633       4       com.android.dx.cf.attrib.AttExceptions::byteLength (15 bytes)
Event: 1.826 Thread 0x00007fa4480b8800 nmethod 633 0x00007fa4393892d0 code [0x00007fa439389420, 0x00007fa4393894b8]

GC Heap History (9 events):
Event: 0.579 GC heap before
{Heap before GC invocations=1 (full 0):
 PSYoungGen      total 36864K, used 31744K [0x00000000d7000000, 0x00000000d9900000, 0x0000000100000000)
  eden space 31744K, 100% used [0x00000000d7000000,0x00000000d8f00000,0x00000000d8f00000)
  from space 5120K, 0% used [0x00000000d9400000,0x00000000d9400000,0x00000000d9900000)
  to   space 5120K, 0% used [0x00000000d8f00000,0x00000000d8f00000,0x00000000d9400000)
 ParOldGen       total 84992K, used 0K [0x0000000085000000, 0x000000008a300000, 0x00000000d7000000)
  object space 84992K, 0% used [0x0000000085000000,0x0000000085000000,0x000000008a300000)
 Metaspace       used 3617K, capacity 5176K, committed 5376K, reserved 1056768K
  class space    used 385K, capacity 488K, committed 512K, reserved 1048576K
Event: 0.613 GC heap after
Heap after GC invocations=1 (full 0):
 PSYoungGen      total 36864K, used 4603K [0x00000000d7000000, 0x00000000db800000, 0x0000000100000000)
  eden space 31744K, 0% used [0x00000000d7000000,0x00000000d7000000,0x00000000d8f00000)
  from space 5120K, 89% used [0x00000000d8f00000,0x00000000d937ecc8,0x00000000d9400000)
  to   space 5120K, 0% used [0x00000000db300000,0x00000000db300000,0x00000000db800000)
 ParOldGen       total 84992K, used 8K [0x0000000085000000, 0x000000008a300000, 0x00000000d7000000)
  object space 84992K, 0% used [0x0000000085000000,0x0000000085002000,0x000000008a300000)
 Metaspace       used 3617K, capacity 5176K, committed 5376K, reserved 1056768K
  class space    used 385K, capacity 488K, committed 512K, reserved 1048576K
}
Event: 0.750 GC heap before
{Heap before GC invocations=2 (full 0):
 PSYoungGen      total 36864K, used 36347K [0x00000000d7000000, 0x00000000db800000, 0x0000000100000000)
  eden space 31744K, 100% used [0x00000000d7000000,0x00000000d8f00000,0x00000000d8f00000)
  from space 5120K, 89% used [0x00000000d8f00000,0x00000000d937ecc8,0x00000000d9400000)
  to   space 5120K, 0% used [0x00000000db300000,0x00000000db300000,0x00000000db800000)
 ParOldGen       total 84992K, used 8K [0x0000000085000000, 0x000000008a300000, 0x00000000d7000000)
  object space 84992K, 0% used [0x0000000085000000,0x0000000085002000,0x000000008a300000)
 Metaspace       used 3633K, capacity 5176K, committed 5376K, reserved 1056768K
  class space    used 385K, capacity 488K, committed 512K, reserved 1048576K
Event: 0.774 GC heap after
Heap after GC invocations=2 (full 0):
 PSYoungGen      total 68608K, used 5115K [0x00000000d7000000, 0x00000000db800000, 0x0000000100000000)
  eden space 63488K, 0% used [0x00000000d7000000,0x00000000d7000000,0x00000000dae00000)
  from space 5120K, 99% used [0x00000000db300000,0x00000000db7fef50,0x00000000db800000)
  to   space 5120K, 0% used [0x00000000dae00000,0x00000000dae00000,0x00000000db300000)
 ParOldGen       total 84992K, used 2603K [0x0000000085000000, 0x000000008a300000, 0x00000000d7000000)
  object space 84992K, 3% used [0x0000000085000000,0x000000008528ac98,0x000000008a300000)
 Metaspace       used 3633K, capacity 5176K, committed 5376K, reserved 1056768K
  class space    used 385K, capacity 488K, committed 512K, reserved 1048576K
}
Event: 1.080 GC heap before
{Heap before GC invocations=3 (full 0):
 PSYoungGen      total 68608K, used 68603K [0x00000000d7000000, 0x00000000db800000, 0x0000000100000000)
  eden space 63488K, 100% used [0x00000000d7000000,0x00000000dae00000,0x00000000dae00000)
  from space 5120K, 99% used [0x00000000db300000,0x00000000db7fef50,0x00000000db800000)
  to   space 5120K, 0% used [0x00000000dae00000,0x00000000dae00000,0x00000000db300000)
 ParOldGen       total 84992K, used 2603K [0x0000000085000000, 0x000000008a300000, 0x00000000d7000000)
  object space 84992K, 3% used [0x0000000085000000,0x000000008528ac98,0x000000008a300000)
 Metaspace       used 3638K, capacity 5176K, committed 5376K, reserved 1056768K
  class space    used 385K, capacity 488K, committed 512K, reserved 1048576K
Event: 1.118 GC heap after
Heap after GC invocations=3 (full 0):
 PSYoungGen      total 68608K, used 5088K [0x00000000d7000000, 0x00000000df600000, 0x0000000100000000)
  eden space 63488K, 0% used [0x00000000d7000000,0x00000000d7000000,0x00000000dae00000)
  from space 5120K, 99% used [0x00000000dae00000,0x00000000db2f8040,0x00000000db300000)
  to   space 5120K, 0% used [0x00000000df100000,0x00000000df100000,0x00000000df600000)
 ParOldGen       total 84992K, used 14748K [0x0000000085000000, 0x000000008a300000, 0x00000000d7000000)
  object space 84992K, 17% used [0x0000000085000000,0x0000000085e673b0,0x000000008a300000)
 Metaspace       used 3638K, capacity 5176K, committed 5376K, reserved 1056768K
  class space    used 385K, capacity 488K, committed 512K, reserved 1048576K
}
Event: 1.458 GC heap before
{Heap before GC invocations=4 (full 0):
 PSYoungGen      total 68608K, used 68576K [0x00000000d7000000, 0x00000000df600000, 0x0000000100000000)
  eden space 63488K, 100% used [0x00000000d7000000,0x00000000dae00000,0x00000000dae00000)
  from space 5120K, 99% used [0x00000000dae00000,0x00000000db2f8040,0x00000000db300000)
  to   space 5120K, 0% used [0x00000000df100000,0x00000000df100000,0x00000000df600000)
 ParOldGen       total 84992K, used 14748K [0x0000000085000000, 0x000000008a300000, 0x00000000d7000000)
  object space 84992K, 17% used [0x0000000085000000,0x0000000085e673b0,0x000000008a300000)
 Metaspace       used 3641K, capacity 5176K, committed 5376K, reserved 1056768K
  class space    used 385K, capacity 488K, committed 512K, reserved 1048576K
Event: 1.490 GC heap after
Heap after GC invocations=4 (full 0):
 PSYoungGen      total 132096K, used 5104K [0x00000000d7000000, 0x00000000df600000, 0x0000000100000000)
  eden space 126976K, 0% used [0x00000000d7000000,0x00000000d7000000,0x00000000dec00000)
  from space 5120K, 99% used [0x00000000df100000,0x00000000df5fc030,0x00000000df600000)
  to   space 5120K, 0% used [0x00000000dec00000,0x00000000dec00000,0x00000000df100000)
 ParOldGen       total 84992K, used 26419K [0x0000000085000000, 0x000000008a300000, 0x00000000d7000000)
  object space 84992K, 31% used [0x0000000085000000,0x00000000869ccf58,0x000000008a300000)
 Metaspace       used 3641K, capacity 5176K, committed 5376K, reserved 1056768K
  class space    used 385K, capacity 488K, committed 512K, reserved 1048576K
}
Event: 1.925 GC heap before
{Heap before GC invocations=5 (full 0):
 PSYoungGen      total 132096K, used 132080K [0x00000000d7000000, 0x00000000df600000, 0x0000000100000000)
  eden space 126976K, 100% used [0x00000000d7000000,0x00000000dec00000,0x00000000dec00000)
  from space 5120K, 99% used [0x00000000df100000,0x00000000df5fc030,0x00000000df600000)
  to   space 5120K, 0% used [0x00000000dec00000,0x00000000dec00000,0x00000000df100000)
 ParOldGen       total 84992K, used 26419K [0x0000000085000000, 0x000000008a300000, 0x00000000d7000000)
  object space 84992K, 31% used [0x0000000085000000,0x00000000869ccf58,0x000000008a300000)
 Metaspace       used 3645K, capacity 5176K, committed 5376K, reserved 1056768K
  class space    used 385K, capacity 488K, committed 512K, reserved 1048576K

Deoptimization events (3 events):
Event: 0.473 Thread 0x00007fa44800a000 Uncommon trap: reason=unloaded action=reinterpret pc=0x00007fa43920f8dc method=com.android.dx.cf.cst.ConstantPoolParser.parse0(ILjava/util/BitSet;)Lcom/android/dx/rop/cst/Constant; @ 176
Event: 0.694 Thread 0x00007fa44800a000 Uncommon trap: reason=unstable_if action=reinterpret pc=0x00007fa4392dde20 method=com.android.dx.cf.direct.StdAttributeFactory.parse0(Lcom/android/dx/cf/direct/DirectClassFile;ILjava/lang/String;IILcom/android/dx/cf/iface/ParseObserver;)Lcom/android/dx/cf
Event: 1.620 Thread 0x00007fa44800a000 Uncommon trap: reason=unstable_if action=reinterpret pc=0x00007fa43936251c method=java.io.ByteArrayOutputStream.ensureCapacity(I)V @ 7

Internal exceptions (2 events):
Event: 0.109 Thread 0x00007fa44800a000 Exception <a 'java/lang/NoSuchMethodError': Method sun.misc.Unsafe.defineClass(Ljava/lang/String;[BII)Ljava/lang/Class; name or signature does not match> (0x00000000d7007cc0) thrown at [/HUDSON/workspace/8-2-build-linux-amd64/jdk8u77/6540/hotspot/src/shar
Event: 0.109 Thread 0x00007fa44800a000 Exception <a 'java/lang/NoSuchMethodError': Method sun.misc.Unsafe.prefetchRead(Ljava/lang/Object;J)V name or signature does not match> (0x00000000d7007fa8) thrown at [/HUDSON/workspace/8-2-build-linux-amd64/jdk8u77/6540/hotspot/src/share/vm/prims/jni.cpp

Events (10 events):
Event: 1.080 Executing VM operation: ParallelGCFailedAllocation
Event: 1.119 Executing VM operation: ParallelGCFailedAllocation done
Event: 1.458 Executing VM operation: ParallelGCFailedAllocation
Event: 1.490 Executing VM operation: ParallelGCFailedAllocation done
Event: 1.620 Thread 0x00007fa44800a000 Uncommon trap: trap_request=0xffffff65 fr.pc=0x00007fa43936251c
Event: 1.620 Thread 0x00007fa44800a000 DEOPT PACKING pc=0x00007fa43936251c sp=0x00007fa4509aa5c0
Event: 1.620 Thread 0x00007fa44800a000 DEOPT UNPACKING pc=0x00007fa439005229 sp=0x00007fa4509aa4c0 mode 2
Event: 1.624 loading class java/util/ArrayList$1
Event: 1.624 loading class java/util/ArrayList$1 done
Event: 1.925 Executing VM operation: ParallelGCFailedAllocation


Dynamic libraries:
00400000-00401000 r-xp 00000000 08:02 2657756                            /usr/lib/jvm/java-8-oracle/bin/java
00600000-00601000 rw-p 00000000 08:02 2657756                            /usr/lib/jvm/java-8-oracle/bin/java
00fdd000-00ffe000 rw-p 00000000 00:00 0                                  [heap]
85000000-8a300000 rw-p 00000000 00:00 0 
8a300000-d7000000 ---p 00000000 00:00 0 
d7000000-df600000 rw-p 00000000 00:00 0 
ea300000-100000000 ---p 00000000 00:00 0 
100000000-100080000 rw-p 00000000 00:00 0 
100080000-140000000 ---p 00000000 00:00 0 
7fa3fc000000-7fa3fc021000 rw-p 00000000 00:00 0 
7fa3fc021000-7fa400000000 ---p 00000000 00:00 0 
7fa400000000-7fa400021000 rw-p 00000000 00:00 0 
7fa400021000-7fa404000000 ---p 00000000 00:00 0 
7fa404000000-7fa40464d000 rw-p 00000000 00:00 0 
7fa40464d000-7fa408000000 ---p 00000000 00:00 0 
7fa408000000-7fa408536000 rw-p 00000000 00:00 0 
7fa408536000-7fa40c000000 ---p 00000000 00:00 0 
7fa40c000000-7fa40c021000 rw-p 00000000 00:00 0 
7fa40c021000-7fa410000000 ---p 00000000 00:00 0 
7fa410000000-7fa4108da000 rw-p 00000000 00:00 0 
7fa4108da000-7fa414000000 ---p 00000000 00:00 0 
7fa414000000-7fa414021000 rw-p 00000000 00:00 0 
7fa414021000-7fa418000000 ---p 00000000 00:00 0 
7fa418000000-7fa418021000 rw-p 00000000 00:00 0 
7fa418021000-7fa41c000000 ---p 00000000 00:00 0 
7fa41c000000-7fa41c021000 rw-p 00000000 00:00 0 
7fa41c021000-7fa420000000 ---p 00000000 00:00 0 
7fa420000000-7fa42028d000 rw-p 00000000 00:00 0 
7fa42028d000-7fa424000000 ---p 00000000 00:00 0 
7fa424000000-7fa424021000 rw-p 00000000 00:00 0 
7fa424021000-7fa428000000 ---p 00000000 00:00 0 
7fa42b217000-7fa42b31e000 r--s 00a80000 08:02 1441834                    /home/babai/Documents/FinalProject/app/build/intermediates/transforms/jarMerging/debug/jars/1/1f/combined.jar
7fa42b31e000-7fa42b31f000 ---p 00000000 00:00 0 
7fa42b31f000-7fa42b41f000 rw-p 00000000 00:00 0                          [stack:1473]
7fa42b41f000-7fa42b422000 ---p 00000000 00:00 0 
7fa42b422000-7fa42b520000 rw-p 00000000 00:00 0                          [stack:1472]
7fa42b520000-7fa42b523000 ---p 00000000 00:00 0 
7fa42b523000-7fa42b621000 rw-p 00000000 00:00 0                          [stack:1471]
7fa42b621000-7fa42b624000 ---p 00000000 00:00 0 
7fa42b624000-7fa42b722000 rw-p 00000000 00:00 0                          [stack:1470]
7fa42b722000-7fa42b725000 ---p 00000000 00:00 0 
7fa42b725000-7fa42b823000 rw-p 00000000 00:00 0                          [stack:1469]
7fa42b823000-7fa42b826000 ---p 00000000 00:00 0 
7fa42b826000-7fa42b924000 rw-p 00000000 00:00 0                          [stack:1468]
7fa42b924000-7fa42bbfc000 r--p 00000000 08:02 2502044                    /usr/lib/locale/locale-archive
7fa42bbfc000-7fa42bbff000 ---p 00000000 00:00 0 
7fa42bbff000-7fa42bcfd000 rw-p 00000000 00:00 0                          [stack:1467]
7fa42bcfd000-7fa42bd00000 ---p 00000000 00:00 0 
7fa42bd00000-7fa42bdfe000 rw-p 00000000 00:00 0                          [stack:1466]
7fa42bdfe000-7fa42bdff000 ---p 00000000 00:00 0 
7fa42bdff000-7fa42c000000 rw-p 00000000 00:00 0                          [stack:1465]
7fa42c000000-7fa42c021000 rw-p 00000000 00:00 0 
7fa42c021000-7fa430000000 ---p 00000000 00:00 0 
7fa43007e000-7fa434000000 rw-p 00000000 00:00 0 
7fa434000000-7fa434021000 rw-p 00000000 00:00 0 
7fa434021000-7fa438000000 ---p 00000000 00:00 0 
7fa4380ca000-7fa438db2000 rw-p 00000000 00:00 0 
7fa438db2000-7fa438f8a000 r--s 03d1e000 08:02 2682356                    /usr/lib/jvm/java-8-oracle/jre/lib/rt.jar
7fa438f8a000-7fa439000000 rw-p 00000000 00:00 0 
7fa439000000-7fa4393b0000 rwxp 00000000 00:00 0 
7fa4393b0000-7fa448000000 ---p 00000000 00:00 0 
7fa448000000-7fa4483d9000 rw-p 00000000 00:00 0 
7fa4483d9000-7fa44c000000 ---p 00000000 00:00 0 
7fa44c000000-7fa44c4e1000 rw-p 00000000 00:00 0 
7fa44c4e1000-7fa44c821000 ---p 00000000 00:00 0 
7fa44c821000-7fa44cbf9000 rw-p 00000000 00:00 0 
7fa44cbf9000-7fa44cbfa000 ---p 00000000 00:00 0 
7fa44cbfa000-7fa44ccfa000 rw-p 00000000 00:00 0                          [stack:1464]
7fa44ccfa000-7fa44ccfb000 ---p 00000000 00:00 0 
7fa44ccfb000-7fa44cdfb000 rw-p 00000000 00:00 0                          [stack:1463]
7fa44cdfb000-7fa44cdfc000 ---p 00000000 00:00 0 
7fa44cdfc000-7fa44cefc000 rw-p 00000000 00:00 0                          [stack:1462]
7fa44cefc000-7fa44cefd000 ---p 00000000 00:00 0 
7fa44cefd000-7fa44d027000 rw-p 00000000 00:00 0                          [stack:1461]
7fa44d027000-7fa44d28d000 ---p 00000000 00:00 0 
7fa44d28d000-7fa44d2b7000 rw-p 00000000 00:00 0 
7fa44d2b7000-7fa44d51d000 ---p 00000000 00:00 0 
7fa44d51d000-7fa44d560000 rw-p 00000000 00:00 0 
7fa44d560000-7fa44d665000 ---p 00000000 00:00 0 
7fa44d665000-7fa44d675000 rw-p 00000000 00:00 0 
7fa44d675000-7fa44da26000 ---p 00000000 00:00 0 
7fa44da26000-7fa44da40000 r-xp 00000000 08:02 2682285                    /usr/lib/jvm/java-8-oracle/jre/lib/amd64/libzip.so
7fa44da40000-7fa44dc40000 ---p 0001a000 08:02 2682285                    /usr/lib/jvm/java-8-oracle/jre/lib/amd64/libzip.so
7fa44dc40000-7fa44dc41000 rw-p 0001a000 08:02 2682285                    /usr/lib/jvm/java-8-oracle/jre/lib/amd64/libzip.so
7fa44dc41000-7fa44dc4c000 r-xp 00000000 08:02 512093                     /lib/x86_64-linux-gnu/libnss_files-2.23.so
7fa44dc4c000-7fa44de4b000 ---p 0000b000 08:02 512093                     /lib/x86_64-linux-gnu/libnss_files-2.23.so
7fa44de4b000-7fa44de4c000 r--p 0000a000 08:02 512093                     /lib/x86_64-linux-gnu/libnss_files-2.23.so
7fa44de4c000-7fa44de4d000 rw-p 0000b000 08:02 512093                     /lib/x86_64-linux-gnu/libnss_files-2.23.so
7fa44de4d000-7fa44de53000 rw-p 00000000 00:00 0 
7fa44de53000-7fa44de5e000 r-xp 00000000 08:02 512090                     /lib/x86_64-linux-gnu/libnss_nis-2.23.so
7fa44de5e000-7fa44e05d000 ---p 0000b000 08:02 512090                     /lib/x86_64-linux-gnu/libnss_nis-2.23.so
7fa44e05d000-7fa44e05e000 r--p 0000a000 08:02 512090                     /lib/x86_64-linux-gnu/libnss_nis-2.23.so
7fa44e05e000-7fa44e05f000 rw-p 0000b000 08:02 512090                     /lib/x86_64-linux-gnu/libnss_nis-2.23.so
7fa44e05f000-7fa44e075000 r-xp 00000000 08:02 512088                     /lib/x86_64-linux-gnu/libnsl-2.23.so
7fa44e075000-7fa44e274000 ---p 00016000 08:02 512088                     /lib/x86_64-linux-gnu/libnsl-2.23.so
7fa44e274000-7fa44e275000 r--p 00015000 08:02 512088                     /lib/x86_64-linux-gnu/libnsl-2.23.so
7fa44e275000-7fa44e276000 rw-p 00016000 08:02 512088                     /lib/x86_64-linux-gnu/libnsl-2.23.so
7fa44e276000-7fa44e278000 rw-p 00000000 00:00 0 
7fa44e278000-7fa44e280000 r-xp 00000000 08:02 508114                     /lib/x86_64-linux-gnu/libnss_compat-2.23.so
7fa44e280000-7fa44e47f000 ---p 00008000 08:02 508114                     /lib/x86_64-linux-gnu/libnss_compat-2.23.so
7fa44e47f000-7fa44e480000 r--p 00007000 08:02 508114                     /lib/x86_64-linux-gnu/libnss_compat-2.23.so
7fa44e480000-7fa44e481000 rw-p 00008000 08:02 508114                     /lib/x86_64-linux-gnu/libnss_compat-2.23.so
7fa44e481000-7fa44e4ab000 r-xp 00000000 08:02 2682280                    /usr/lib/jvm/java-8-oracle/jre/lib/amd64/libjava.so
7fa44e4ab000-7fa44e6ab000 ---p 0002a000 08:02 2682280                    /usr/lib/jvm/java-8-oracle/jre/lib/amd64/libjava.so
7fa44e6ab000-7fa44e6ad000 rw-p 0002a000 08:02 2682280                    /usr/lib/jvm/java-8-oracle/jre/lib/amd64/libjava.so
7fa44e6ad000-7fa44e6ba000 r-xp 00000000 08:02 2682284                    /usr/lib/jvm/java-8-oracle/jre/lib/amd64/libverify.so
7fa44e6ba000-7fa44e8ba000 ---p 0000d000 08:02 2682284                    /usr/lib/jvm/java-8-oracle/jre/lib/amd64/libverify.so
7fa44e8ba000-7fa44e8bc000 rw-p 0000d000 08:02 2682284                    /usr/lib/jvm/java-8-oracle/jre/lib/amd64/libverify.so
7fa44e8bc000-7fa44e8c3000 r-xp 00000000 08:02 512102                     /lib/x86_64-linux-gnu/librt-2.23.so
7fa44e8c3000-7fa44eac2000 ---p 00007000 08:02 512102                     /lib/x86_64-linux-gnu/librt-2.23.so
7fa44eac2000-7fa44eac3000 r--p 00006000 08:02 512102                     /lib/x86_64-linux-gnu/librt-2.23.so
7fa44eac3000-7fa44eac4000 rw-p 00007000 08:02 512102                     /lib/x86_64-linux-gnu/librt-2.23.so
7fa44eac4000-7fa44ebcc000 r-xp 00000000 08:02 512099                     /lib/x86_64-linux-gnu/libm-2.23.so
7fa44ebcc000-7fa44edcb000 ---p 00108000 08:02 512099                     /lib/x86_64-linux-gnu/libm-2.23.so
7fa44edcb000-7fa44edcc000 r--p 00107000 08:02 512099                     /lib/x86_64-linux-gnu/libm-2.23.so
7fa44edcc000-7fa44edcd000 rw-p 00108000 08:02 512099                     /lib/x86_64-linux-gnu/libm-2.23.so
7fa44edcd000-7fa44fa8c000 r-xp 00000000 08:02 2682307                    /usr/lib/jvm/java-8-oracle/jre/lib/amd64/server/libjvm.so
7fa44fa8c000-7fa44fc8b000 ---p 00cbf000 08:02 2682307                    /usr/lib/jvm/java-8-oracle/jre/lib/amd64/server/libjvm.so
7fa44fc8b000-7fa44fd64000 rw-p 00cbe000 08:02 2682307                    /usr/lib/jvm/java-8-oracle/jre/lib/amd64/server/libjvm.so
7fa44fd64000-7fa44fdad000 rw-p 00000000 00:00 0 
7fa44fdad000-7fa44ff6d000 r-xp 00000000 08:02 512107                     /lib/x86_64-linux-gnu/libc-2.23.so
7fa44ff6d000-7fa45016c000 ---p 001c0000 08:02 512107                     /lib/x86_64-linux-gnu/libc-2.23.so
7fa45016c000-7fa450170000 r--p 001bf000 08:02 512107                     /lib/x86_64-linux-gnu/libc-2.23.so
7fa450170000-7fa450172000 rw-p 001c3000 08:02 512107                     /lib/x86_64-linux-gnu/libc-2.23.so
7fa450172000-7fa450176000 rw-p 00000000 00:00 0 
7fa450176000-7fa450179000 r-xp 00000000 08:02 512108                     /lib/x86_64-linux-gnu/libdl-2.23.so
7fa450179000-7fa450378000 ---p 00003000 08:02 512108                     /lib/x86_64-linux-gnu/libdl-2.23.so
7fa450378000-7fa450379000 r--p 00002000 08:02 512108                     /lib/x86_64-linux-gnu/libdl-2.23.so
7fa450379000-7fa45037a000 rw-p 00003000 08:02 512108                     /lib/x86_64-linux-gnu/libdl-2.23.so
7fa45037a000-7fa45038f000 r-xp 00000000 08:02 2665989                    /usr/lib/jvm/java-8-oracle/lib/amd64/jli/libjli.so
7fa45038f000-7fa45058f000 ---p 00015000 08:02 2665989                    /usr/lib/jvm/java-8-oracle/lib/amd64/jli/libjli.so
7fa45058f000-7fa450590000 rw-p 00015000 08:02 2665989                    /usr/lib/jvm/java-8-oracle/lib/amd64/jli/libjli.so
7fa450590000-7fa4505a8000 r-xp 00000000 08:02 512106                     /lib/x86_64-linux-gnu/libpthread-2.23.so
7fa4505a8000-7fa4507a7000 ---p 00018000 08:02 512106                     /lib/x86_64-linux-gnu/libpthread-2.23.so
7fa4507a7000-7fa4507a8000 r--p 00017000 08:02 512106                     /lib/x86_64-linux-gnu/libpthread-2.23.so
7fa4507a8000-7fa4507a9000 rw-p 00018000 08:02 512106                     /lib/x86_64-linux-gnu/libpthread-2.23.so
7fa4507a9000-7fa4507ad000 rw-p 00000000 00:00 0 
7fa4507ad000-7fa4507d3000 r-xp 00000000 08:02 512103                     /lib/x86_64-linux-gnu/ld-2.23.so
7fa4507e0000-7fa4508ab000 rw-p 00000000 00:00 0 
7fa4508ab000-7fa4508ae000 ---p 00000000 00:00 0 
7fa4508ae000-7fa4509b0000 rw-p 00000000 00:00 0                          [stack:1460]
7fa4509b1000-7fa4509b7000 r--s 00018000 08:02 1441839                    /home/babai/Documents/FinalProject/app/build/intermediates/multi-dex/debug/componentClasses.jar
7fa4509b7000-7fa4509c6000 r--s 000df000 08:02 1352039                    /home/babai/Android/Sdk/build-tools/23.0.3/lib/dx.jar
7fa4509c6000-7fa4509ce000 rw-s 00000000 08:02 1592393                    /tmp/hsperfdata_babai/1455
7fa4509ce000-7fa4509cf000 rw-p 00000000 00:00 0 
7fa4509cf000-7fa4509d0000 ---p 00000000 00:00 0 
7fa4509d0000-7fa4509d2000 rw-p 00000000 00:00 0 
7fa4509d2000-7fa4509d3000 r--p 00025000 08:02 512103                     /lib/x86_64-linux-gnu/ld-2.23.so
7fa4509d3000-7fa4509d4000 rw-p 00026000 08:02 512103                     /lib/x86_64-linux-gnu/ld-2.23.so
7fa4509d4000-7fa4509d5000 rw-p 00000000 00:00 0 
7ffdaff5f000-7ffdaff80000 rw-p 00000000 00:00 0                          [stack]
7ffdaff85000-7ffdaff87000 r--p 00000000 00:00 0                          [vvar]
7ffdaff87000-7ffdaff89000 r-xp 00000000 00:00 0                          [vdso]
ffffffffff600000-ffffffffff601000 r-xp 00000000 00:00 0                  [vsyscall]

VM Arguments:
jvm_args: -Djava.awt.headless=true -Dfile.encoding=UTF-8 -Duser.country=IN -Duser.language=en -Duser.variant 
java_command: com.android.multidex.ClassReferenceListBuilder /home/babai/Documents/FinalProject/app/build/intermediates/multi-dex/debug/componentClasses.jar /home/babai/Documents/FinalProject/app/build/intermediates/transforms/jarMerging/debug/jars/1/1f/combined.jar
java_class_path (initial): /home/babai/Android/Sdk/build-tools/23.0.3/lib/dx.jar
Launcher Type: SUN_STANDARD

Environment Variables:
JAVA_HOME=/usr/lib/jvm/java-8-oracle
PATH=/home/babai/.local/share/umake/bin:/home/babai/bin:/usr/local/sbin:/usr/local/bin:/usr/sbin:/usr/bin:/sbin:/bin:/usr/games:/usr/local/games:/snap/bin:/usr/lib/jvm/java-8-oracle/bin:/usr/lib/jvm/java-8-oracle/db/bin:/usr/lib/jvm/java-8-oracle/jre/bin
LD_LIBRARY_PATH=/home/babai/.local/share/umake/android/android-studio/bin:
SHELL=/usr/bin/zsh
DISPLAY=:0.0

Signal Handlers:
SIGSEGV: [libjvm.so+0xabb070], sa_mask[0]=11111111011111111101111111111110, sa_flags=SA_RESTART|SA_SIGINFO
SIGBUS: [libjvm.so+0xabb070], sa_mask[0]=11111111011111111101111111111110, sa_flags=SA_RESTART|SA_SIGINFO
SIGFPE: [libjvm.so+0x918480], sa_mask[0]=11111111011111111101111111111110, sa_flags=SA_RESTART|SA_SIGINFO
SIGPIPE: [libjvm.so+0x918480], sa_mask[0]=11111111011111111101111111111110, sa_flags=SA_RESTART|SA_SIGINFO
SIGXFSZ: [libjvm.so+0x918480], sa_mask[0]=11111111011111111101111111111110, sa_flags=SA_RESTART|SA_SIGINFO
SIGILL: [libjvm.so+0x918480], sa_mask[0]=11111111011111111101111111111110, sa_flags=SA_RESTART|SA_SIGINFO
SIGUSR1: SIG_DFL, sa_mask[0]=00000000000000000000000000000000, sa_flags=none
SIGUSR2: [libjvm.so+0x919ab0], sa_mask[0]=00100000000000000000000000000000, sa_flags=SA_RESTART|SA_SIGINFO
SIGHUP: [libjvm.so+0x91aeb0], sa_mask[0]=11111111011111111101111111111110, sa_flags=SA_RESTART|SA_SIGINFO
SIGINT: [libjvm.so+0x91aeb0], sa_mask[0]=11111111011111111101111111111110, sa_flags=SA_RESTART|SA_SIGINFO
SIGTERM: [libjvm.so+0x91aeb0], sa_mask[0]=11111111011111111101111111111110, sa_flags=SA_RESTART|SA_SIGINFO
SIGQUIT: [libjvm.so+0x91aeb0], sa_mask[0]=11111111011111111101111111111110, sa_flags=SA_RESTART|SA_SIGINFO


---------------  S Y S T E M  ---------------

OS:DISTRIB_ID=Ubuntu
DISTRIB_RELEASE=16.04
DISTRIB_CODENAME=xenial
DISTRIB_DESCRIPTION="Ubuntu 16.04 LTS"

uname:Linux 4.4.8-040408-generic #201604200335 SMP Wed Apr 20 07:37:30 UTC 2016 x86_64
libc:glibc 2.23 NPTL 2.23 
rlimit: STACK 8192k, CORE 0k, NPROC 31319, NOFILE 65536, AS infinity
load average:1.19 2.08 3.43

/proc/meminfo:
MemTotal:        8055144 kB
MemFree:           51556 kB
MemAvailable:     150180 kB
Buffers:            3228 kB
Cached:           386784 kB
SwapCached:            0 kB
Active:          7026884 kB
Inactive:         296244 kB
Active(anon):    6980828 kB
Inactive(anon):   257168 kB
Active(file):      46056 kB
Inactive(file):    39076 kB
Unevictable:          80 kB
Mlocked:              80 kB
SwapTotal:             0 kB
SwapFree:              0 kB
Dirty:             12196 kB
Writeback:             0 kB
AnonPages:       6933956 kB
Mapped:           644860 kB
Shmem:            304228 kB
Slab:              99720 kB
SReclaimable:      55756 kB
SUnreclaim:        43964 kB
KernelStack:       10896 kB
PageTables:        47704 kB
NFS_Unstable:          0 kB
Bounce:                0 kB
WritebackTmp:          0 kB
CommitLimit:     4027572 kB
Committed_AS:   11236944 kB
VmallocTotal:   34359738367 kB
VmallocUsed:           0 kB
VmallocChunk:          0 kB
HardwareCorrupted:     0 kB
AnonHugePages:   3108864 kB
CmaTotal:              0 kB
CmaFree:               0 kB
HugePages_Total:       0
HugePages_Free:        0
HugePages_Rsvd:        0
HugePages_Surp:        0
Hugepagesize:       2048 kB
DirectMap4k:      196224 kB
DirectMap2M:     8073216 kB


CPU:total 4 (2 cores per cpu, 2 threads per core) family 6 model 42 stepping 7, cmov, cx8, fxsr, mmx, sse, sse2, sse3, ssse3, sse4.1, sse4.2, popcnt, avx, aes, clmul, ht, tsc, tscinvbit

/proc/cpuinfo:
processor	: 0
vendor_id	: GenuineIntel
cpu family	: 6
model		: 42
model name	: Intel(R) Core(TM) i5-2520M CPU @ 2.50GHz
stepping	: 7
microcode	: 0x29
cpu MHz		: 2963.281
cache size	: 3072 KB
physical id	: 0
siblings	: 4
core id		: 0
cpu cores	: 2
apicid		: 0
initial apicid	: 0
fpu		: yes
fpu_exception	: yes
cpuid level	: 13
wp		: yes
flags		: fpu vme de pse tsc msr pae mce cx8 apic sep mtrr pge mca cmov pat pse36 clflush dts acpi mmx fxsr sse sse2 ss ht tm pbe syscall nx rdtscp lm constant_tsc arch_perfmon pebs bts nopl xtopology nonstop_tsc aperfmperf eagerfpu pni pclmulqdq dtes64 monitor ds_cpl vmx smx est tm2 ssse3 cx16 xtpr pdcm pcid sse4_1 sse4_2 x2apic popcnt tsc_deadline_timer aes xsave avx lahf_lm ida arat epb pln pts dtherm tpr_shadow vnmi flexpriority ept vpid xsaveopt
bugs		:
bogomips	: 4984.23
clflush size	: 64
cache_alignment	: 64
address sizes	: 36 bits physical, 48 bits virtual
power management:

processor	: 1
vendor_id	: GenuineIntel
cpu family	: 6
model		: 42
model name	: Intel(R) Core(TM) i5-2520M CPU @ 2.50GHz
stepping	: 7
microcode	: 0x29
cpu MHz		: 3000.000
cache size	: 3072 KB
physical id	: 0
siblings	: 4
core id		: 0
cpu cores	: 2
apicid		: 1
initial apicid	: 1
fpu		: yes
fpu_exception	: yes
cpuid level	: 13
wp		: yes
flags		: fpu vme de pse tsc msr pae mce cx8 apic sep mtrr pge mca cmov pat pse36 clflush dts acpi mmx fxsr sse sse2 ss ht tm pbe syscall nx rdtscp lm constant_tsc arch_perfmon pebs bts nopl xtopology nonstop_tsc aperfmperf eagerfpu pni pclmulqdq dtes64 monitor ds_cpl vmx smx est tm2 ssse3 cx16 xtpr pdcm pcid sse4_1 sse4_2 x2apic popcnt tsc_deadline_timer aes xsave avx lahf_lm ida arat epb pln pts dtherm tpr_shadow vnmi flexpriority ept vpid xsaveopt
bugs		:
bogomips	: 4984.23
clflush size	: 64
cache_alignment	: 64
address sizes	: 36 bits physical, 48 bits virtual
power management:

processor	: 2
vendor_id	: GenuineIntel
cpu family	: 6
model		: 42
model name	: Intel(R) Core(TM) i5-2520M CPU @ 2.50GHz
stepping	: 7
microcode	: 0x29
cpu MHz		: 2769.140
cache size	: 3072 KB
physical id	: 0
siblings	: 4
core id		: 1
cpu cores	: 2
apicid		: 2
initial apicid	: 2
fpu		: yes
fpu_exception	: yes
cpuid level	: 13
wp		: yes
flags		: fpu vme de pse tsc msr pae mce cx8 apic sep mtrr pge mca cmov pat pse36 clflush dts acpi mmx fxsr sse sse2 ss ht tm pbe syscall nx rdtscp lm constant_tsc arch_perfmon pebs bts nopl xtopology nonstop_tsc aperfmperf eagerfpu pni pclmulqdq dtes64 monitor ds_cpl vmx smx est tm2 ssse3 cx16 xtpr pdcm pcid sse4_1 sse4_2 x2apic popcnt tsc_deadline_timer aes xsave avx lahf_lm ida arat epb pln pts dtherm tpr_shadow vnmi flexpriority ept vpid xsaveopt
bugs		:
bogomips	: 4984.23
clflush size	: 64
cache_alignment	: 64
address sizes	: 36 bits physical, 48 bits virtual
power management:

processor	: 3
vendor_id	: GenuineIntel
cpu family	: 6
model		: 42
model name	: Intel(R) Core(TM) i5-2520M CPU @ 2.50GHz
stepping	: 7
microcode	: 0x29
cpu MHz		: 2784.765
cache size	: 3072 KB
physical id	: 0
siblings	: 4
core id		: 1
cpu cores	: 2
apicid		: 3
initial apicid	: 3
fpu		: yes
fpu_exception	: yes
cpuid level	: 13
wp		: yes
flags		: fpu vme de pse tsc msr pae mce cx8 apic sep mtrr pge mca cmov pat pse36 clflush dts acpi mmx fxsr sse sse2 ss ht tm pbe syscall nx rdtscp lm constant_tsc arch_perfmon pebs bts nopl xtopology nonstop_tsc aperfmperf eagerfpu pni pclmulqdq dtes64 monitor ds_cpl vmx smx est tm2 ssse3 cx16 xtpr pdcm pcid sse4_1 sse4_2 x2apic popcnt tsc_deadline_timer aes xsave avx lahf_lm ida arat epb pln pts dtherm tpr_shadow vnmi flexpriority ept vpid xsaveopt
bugs		:
bogomips	: 4984.23
clflush size	: 64
cache_alignment	: 64
address sizes	: 36 bits physical, 48 bits virtual
power management:



Memory: 4k page, physical 8055144k(51852k free), swap 0k(0k free)

vm_info: Java HotSpot(TM) 64-Bit Server VM (25.77-b03) for linux-amd64 JRE (1.8.0_77-b03), built on Mar 20 2016 22:00:46 by "java_re" with gcc 4.3.0 20080428 (Red Hat 4.3.0-8)

time: Thu Jun  2 23:06:41 2016
elapsed time: 1 seconds (0d 0h 0m 1s)

